<?xml version="1.0" encoding="UTF-8"?>
<!-- Generated by org.testng.reporters.JUnitXMLReporter -->
<testsuite hostname="HW1687" name="Grouping" tests="3" failures="0" timestamp="7 Jan 2015 07:32:18 GMT" time="74.364" errors="0">
  <testcase name="setAlertsForAMatch" time="24.236" classname="com.appium.champdrive.tests.AlertOptions"/>
  <testcase name="changeinsettings" time="20.032" classname="com.appium.champdrive.tests.ChangeSettings"/>
  <testcase name="shareMatchInfo" time="29.882" classname="com.appium.champdrive.tests.ShareScores"/>
</testsuite> <!-- Grouping -->
