<?xml version="1.0" encoding="UTF-8"?>
<testng-results skipped="0" failed="0" total="1" passed="1">
  <reporter-output>
  </reporter-output>
  <suite name="ESPN" duration-ms="28991" started-at="2015-04-29T13:10:28Z" finished-at="2015-04-29T13:10:57Z">
    <groups>
    </groups>
    <test name="ChampDrive Tests" duration-ms="28991" started-at="2015-04-29T13:10:28Z" finished-at="2015-04-29T13:10:57Z">
      <class name="com.appium.taylormade.scripts.SearchProducts">
        <test-method status="PASS" signature="setupSuite(org.testng.ITestContext)[pri:0, instance:com.appium.taylormade.scripts.SearchProducts@746ab811]" name="setupSuite" is-config="true" duration-ms="36263" started-at="2015-04-29T18:39:52Z" finished-at="2015-04-29T18:40:28Z">
          <params>
            <param index="0">
              <value>
                <![CDATA[org.testng.TestRunner@4b48d148]]>
              </value>
            </param>
          </params>
          <reporter-output>
          </reporter-output>
        </test-method> <!-- setupSuite -->
        <test-method status="PASS" signature="reportHeader(java.lang.reflect.Method, org.testng.ITestContext)[pri:0, instance:com.appium.taylormade.scripts.SearchProducts@746ab811]" name="reportHeader" is-config="true" duration-ms="87" started-at="2015-04-29T18:40:28Z" finished-at="2015-04-29T18:40:28Z">
          <params>
            <param index="0">
              <value>
                <![CDATA[public void com.appium.taylormade.scripts.SearchProducts.findingEvents() throws java.lang.Throwable]]>
              </value>
            </param>
            <param index="1">
              <value>
                <![CDATA[org.testng.TestRunner@4b48d148]]>
              </value>
            </param>
          </params>
          <reporter-output>
          </reporter-output>
        </test-method> <!-- reportHeader -->
        <test-method status="PASS" signature="findingEvents()[pri:0, instance:com.appium.taylormade.scripts.SearchProducts@746ab811]" name="findingEvents" duration-ms="28821" started-at="2015-04-29T18:40:28Z" finished-at="2015-04-29T18:40:57Z">
          <reporter-output>
          </reporter-output>
        </test-method> <!-- findingEvents -->
        <test-method status="PASS" signature="tearDown()[pri:0, instance:com.appium.taylormade.scripts.SearchProducts@746ab811]" name="tearDown" is-config="true" duration-ms="75" started-at="2015-04-29T18:40:57Z" finished-at="2015-04-29T18:40:57Z">
          <reporter-output>
          </reporter-output>
        </test-method> <!-- tearDown -->
        <test-method status="PASS" signature="tearDown(org.testng.ITestContext)[pri:0, instance:com.appium.taylormade.scripts.SearchProducts@746ab811]" name="tearDown" is-config="true" duration-ms="1316" started-at="2015-04-29T18:40:57Z" finished-at="2015-04-29T18:40:59Z">
          <params>
            <param index="0">
              <value>
                <![CDATA[org.testng.TestRunner@4b48d148]]>
              </value>
            </param>
          </params>
          <reporter-output>
          </reporter-output>
        </test-method> <!-- tearDown -->
      </class> <!-- com.appium.taylormade.scripts.SearchProducts -->
    </test> <!-- ChampDrive Tests -->
  </suite> <!-- ESPN -->
</testng-results>
